<?xml version="1.0" encoding="UTF-8"?>
<robot generator="Robot 5.0.1 (Python 3.11.5 on win32)" generated="20240112 07:52:15.522" rpa="false" schemaversion="3">
<suite id="s1" name="CN01-NovaConta" source="c:\Robot\Boomg\TestCases\CN01-NovaConta.robot">
<test id="s1-t1" name="CT 01.01 - Realizar cadastro de conta com Sucesso" line="8">
<kw name="Dado que acesse o Boomg" library="Setup_Teardown" type="SETUP">
<kw name="Open Browser" library="SeleniumLibrary">
<arg>browser=${BROWSER}</arg>
<doc>Opens a new browser instance to the optional ``url``.</doc>
<msg timestamp="20240112 07:52:15.986" level="INFO">Opening browser 'chrome' to base url 'None'.</msg>
<status status="PASS" starttime="20240112 07:52:15.986" endtime="20240112 07:52:17.488"/>
</kw>
<kw name="Maximize Browser Window" library="SeleniumLibrary">
<doc>Maximizes current browser window.</doc>
<status status="PASS" starttime="20240112 07:52:17.488" endtime="20240112 07:52:17.609"/>
</kw>
<kw name="Go To" library="SeleniumLibrary">
<arg>url=${URLHML}</arg>
<doc>Navigates the current browser window to the provided ``url``.</doc>
<msg timestamp="20240112 07:52:17.609" level="INFO">Opening url 'https://staging.boomg.com/'</msg>
<status status="PASS" starttime="20240112 07:52:17.609" endtime="20240112 07:52:34.545"/>
</kw>
<kw name="Wait Until Element Is Visible" library="SeleniumLibrary">
<arg>(//a[contains(@class,'logo')])[1]</arg>
<doc>Waits until the element ``locator`` is visible.</doc>
<status status="PASS" starttime="20240112 07:52:34.546" endtime="20240112 07:52:34.567"/>
</kw>
<status status="PASS" starttime="20240112 07:52:15.985" endtime="20240112 07:52:34.567"/>
</kw>
<kw name="Dado que clico no botão &quot;Cadastrar-se&quot;" library="01-NovaConta">
<kw name="Wait Until Element Is Visible" library="SeleniumLibrary">
<arg>//span[contains(.,'Cadastre-se')]</arg>
<doc>Waits until the element ``locator`` is visible.</doc>
<status status="PASS" starttime="20240112 07:52:34.567" endtime="20240112 07:52:34.595"/>
</kw>
<kw name="Click Element" library="SeleniumLibrary">
<arg>//button[@type='button'][contains(.,'Cadastre-se')]</arg>
<doc>Click the element identified by ``locator``.</doc>
<msg timestamp="20240112 07:52:34.596" level="INFO">Clicking element '//button[@type='button'][contains(.,'Cadastre-se')]'.</msg>
<status status="PASS" starttime="20240112 07:52:34.595" endtime="20240112 07:52:34.657"/>
</kw>
<kw name="Wait Until Element Is Visible" library="SeleniumLibrary">
<arg>(//div[contains(.,'Criar Conta')])[6]</arg>
<doc>Waits until the element ``locator`` is visible.</doc>
<status status="PASS" starttime="20240112 07:52:34.657" endtime="20240112 07:52:34.889"/>
</kw>
<status status="PASS" starttime="20240112 07:52:34.567" endtime="20240112 07:52:34.889"/>
</kw>
<kw name="Quando preencho CPF real" library="01-NovaConta">
<kw name="Input Text" library="SeleniumLibrary">
<arg>locator=//input[contains(@name,'cpf')]</arg>
<arg>text=${CPFReal}</arg>
<doc>Types the given ``text`` into the text field identified by ``locator``.</doc>
<msg timestamp="20240112 07:52:34.895" level="INFO">Typing text '78681391291' into text field '//input[contains(@name,'cpf')]'.</msg>
<status status="PASS" starttime="20240112 07:52:34.889" endtime="20240112 07:52:35.112"/>
</kw>
<kw name="Press Key" library="SeleniumLibrary">
<arg>//input[contains(@name,'cpf')]</arg>
<arg>\\09</arg>
<doc>*DEPRECATED in SeleniumLibrary 4.0.* use `Press Keys` instead.</doc>
<msg timestamp="20240112 07:52:35.112" level="WARN">Keyword 'SeleniumLibrary.Press Key' is deprecated. use `Press Keys` instead.</msg>
<status status="PASS" starttime="20240112 07:52:35.112" endtime="20240112 07:52:35.199"/>
</kw>
<kw name="Wait Until Element Is Visible" library="SeleniumLibrary">
<arg>//input[@name='nome']</arg>
<doc>Waits until the element ``locator`` is visible.</doc>
<status status="PASS" starttime="20240112 07:52:35.199" endtime="20240112 07:52:35.910"/>
</kw>
<status status="PASS" starttime="20240112 07:52:34.889" endtime="20240112 07:52:35.911"/>
</kw>
<kw name="E clico no botão Passo 2 New" library="01-NovaConta">
<kw name="Click Element" library="SeleniumLibrary">
<arg>//button[@type='button'][contains(.,'Avançar')]</arg>
<doc>Click the element identified by ``locator``.</doc>
<msg timestamp="20240112 07:52:35.911" level="INFO">Clicking element '//button[@type='button'][contains(.,'Avançar')]'.</msg>
<status status="PASS" starttime="20240112 07:52:35.911" endtime="20240112 07:52:36.007"/>
</kw>
<status status="PASS" starttime="20240112 07:52:35.911" endtime="20240112 07:52:36.007"/>
</kw>
<kw name="E preencho Email real" library="01-NovaConta">
<kw name="Input Text" library="SeleniumLibrary">
<arg>locator=//input[contains(@name,'email')]</arg>
<arg>text=${EmailReal}</arg>
<doc>Types the given ``text`` into the text field identified by ``locator``.</doc>
<msg timestamp="20240112 07:52:36.007" level="INFO">Typing text 'teste@teste6.com.br' into text field '//input[contains(@name,'email')]'.</msg>
<status status="PASS" starttime="20240112 07:52:36.007" endtime="20240112 07:52:36.207"/>
</kw>
<status status="PASS" starttime="20240112 07:52:36.007" endtime="20240112 07:52:36.207"/>
</kw>
<kw name="E preencho Senha válida" library="01-NovaConta">
<kw name="Input Text" library="SeleniumLibrary">
<arg>locator=//input[@name='senha']</arg>
<arg>text=${Senha}</arg>
<doc>Types the given ``text`` into the text field identified by ``locator``.</doc>
<msg timestamp="20240112 07:52:36.216" level="INFO">Typing text 'Boomg@0101' into text field '//input[@name='senha']'.</msg>
<status status="PASS" starttime="20240112 07:52:36.213" endtime="20240112 07:52:36.342"/>
</kw>
<status status="PASS" starttime="20240112 07:52:36.207" endtime="20240112 07:52:36.342"/>
</kw>
<kw name="E preencho Confirmação de senha válida" library="01-NovaConta">
<kw name="Input Text" library="SeleniumLibrary">
<arg>locator=//input[contains(@name,'senha-b')]</arg>
<arg>text=${Senha}</arg>
<doc>Types the given ``text`` into the text field identified by ``locator``.</doc>
<msg timestamp="20240112 07:52:36.349" level="INFO">Typing text 'Boomg@0101' into text field '//input[contains(@name,'senha-b')]'.</msg>
<status status="PASS" starttime="20240112 07:52:36.348" endtime="20240112 07:52:36.530"/>
</kw>
<status status="PASS" starttime="20240112 07:52:36.345" endtime="20240112 07:52:36.530"/>
</kw>
<kw name="E preencho Telefone real" library="01-NovaConta">
<kw name="Input Text" library="SeleniumLibrary">
<arg>locator=//input[contains(@name,'telefone')]</arg>
<arg>text=${TelefoneReal}</arg>
<doc>Types the given ``text`` into the text field identified by ``locator``.</doc>
<msg timestamp="20240112 07:52:36.536" level="INFO">Typing text '21965545344' into text field '//input[contains(@name,'telefone')]'.</msg>
<status status="PASS" starttime="20240112 07:52:36.536" endtime="20240112 07:52:36.681"/>
</kw>
<status status="PASS" starttime="20240112 07:52:36.530" endtime="20240112 07:52:36.681"/>
</kw>
<kw name="E confirmo maior idade" library="01-NovaConta">
<kw name="Click Element" library="SeleniumLibrary">
<arg>locator=//*[@id="app"]/div[2]/div/div/div[1]/div[2]/div[1]/form/div[2]/div/div[6]/div/label/div/span</arg>
<doc>Click the element identified by ``locator``.</doc>
<msg timestamp="20240112 07:52:36.687" level="INFO">Clicking element '//*[@id="app"]/div[2]/div/div/div[1]/div[2]/div[1]/form/div[2]/div/div[6]/div/label/div/span'.</msg>
<status status="PASS" starttime="20240112 07:52:36.687" endtime="20240112 07:52:36.774"/>
</kw>
<status status="PASS" starttime="20240112 07:52:36.681" endtime="20240112 07:52:36.774"/>
</kw>
<kw name="E clico no botão &quot;Finalizar Cadastro&quot;" library="01-NovaConta">
<kw name="Click Element" library="SeleniumLibrary">
<arg>locator=//button[@type='submit'][contains(.,'Finalizar cadastro')]</arg>
<doc>Click the element identified by ``locator``.</doc>
<msg timestamp="20240112 07:52:36.777" level="INFO">Clicking element '//button[@type='submit'][contains(.,'Finalizar cadastro')]'.</msg>
<status status="PASS" starttime="20240112 07:52:36.776" endtime="20240112 07:52:36.886"/>
</kw>
<status status="PASS" starttime="20240112 07:52:36.774" endtime="20240112 07:52:36.886"/>
</kw>
<kw name="Então recebo mensagem de Sucesso &quot;Cadastro de Sucesso&quot; na tela" library="01-NovaConta">
<kw name="Wait Until Element Is Visible" library="SeleniumLibrary">
<arg>//div[@class='notyf__message'][contains(.,'Cadastro realizado com sucesso.')]</arg>
<doc>Waits until the element ``locator`` is visible.</doc>
<status status="PASS" starttime="20240112 07:52:36.886" endtime="20240112 07:52:38.087"/>
</kw>
<kw name="Capture Page Screenshot" library="SeleniumLibrary">
<arg>CT1.1.png</arg>
<doc>Takes a screenshot of the current page and embeds it into a log file.</doc>
<msg timestamp="20240112 07:52:38.353" level="INFO" html="true">&lt;/td&gt;&lt;/tr&gt;&lt;tr&gt;&lt;td colspan="3"&gt;&lt;a href="CT1.1.png"&gt;&lt;img src="CT1.1.png" width="800px"&gt;&lt;/a&gt;</msg>
<status status="PASS" starttime="20240112 07:52:38.087" endtime="20240112 07:52:38.353"/>
</kw>
<status status="PASS" starttime="20240112 07:52:36.886" endtime="20240112 07:52:38.353"/>
</kw>
<kw name="Fechar navegador" library="Setup_Teardown" type="TEARDOWN">
<kw name="Close Browser" library="SeleniumLibrary">
<doc>Closes the current browser.</doc>
<status status="PASS" starttime="20240112 07:52:38.355" endtime="20240112 07:52:40.516"/>
</kw>
<status status="PASS" starttime="20240112 07:52:38.353" endtime="20240112 07:52:40.517"/>
</kw>
<doc>Caso de teste realiza cadastro de conta cliente com Sucesso</doc>
<tag>Funcional</tag>
<tag>NovaConta</tag>
<status status="PASS" starttime="20240112 07:52:15.984" endtime="20240112 07:52:40.517"/>
</test>
<doc>Modúlo de cadastro do usuário no sistema Boomg</doc>
<status status="PASS" starttime="20240112 07:52:15.527" endtime="20240112 07:52:40.517"/>
</suite>
<statistics>
<total>
<stat pass="1" fail="0" skip="0">All Tests</stat>
</total>
<tag>
<stat pass="1" fail="0" skip="0">Funcional</stat>
<stat pass="1" fail="0" skip="0">NovaConta</stat>
</tag>
<suite>
<stat pass="1" fail="0" skip="0" id="s1" name="CN01-NovaConta">CN01-NovaConta</stat>
</suite>
</statistics>
<errors>
<msg timestamp="20240112 07:52:15.973" level="WARN">C:\Users\estrelabet\AppData\Local\Programs\Python\Python311\Lib\site-packages\RPA\Dialogs\library.py:120: FutureWarning: `RPA.Dialogs` got deprecated and will be no longer maintained, please use `RPA.Assistant` instead and check the migration guide and release notes that describe the differences (https://updates.robocorp.com/release/Gfko5-rpaframework-2200)
  deprecation(
</msg>
<msg timestamp="20240112 07:52:35.112" level="WARN">Keyword 'SeleniumLibrary.Press Key' is deprecated. use `Press Keys` instead.</msg>
</errors>
</robot>
